<?xml version="1.0" encoding="UTF-8"?>
<testsuite name="com.fastcampus.pass.PassBatchApplicationTests" tests="1" skipped="0" failures="0" errors="0" timestamp="2022-12-11T07:32:50" hostname="gimselin-ui-MacBookAir.local" time="0.059">
  <properties/>
  <testcase name="contextLoads()" classname="com.fastcampus.pass.PassBatchApplicationTests" time="0.059"/>
  <system-out><![CDATA[16:32:49.063 [Test worker] DEBUG org.springframework.test.context.BootstrapUtils - Instantiating CacheAwareContextLoaderDelegate from class [org.springframework.test.context.cache.DefaultCacheAwareContextLoaderDelegate]
16:32:49.067 [Test worker] DEBUG org.springframework.test.context.BootstrapUtils - Instantiating BootstrapContext using constructor [public org.springframework.test.context.support.DefaultBootstrapContext(java.lang.Class,org.springframework.test.context.CacheAwareContextLoaderDelegate)]
16:32:49.078 [Test worker] DEBUG org.springframework.test.context.BootstrapUtils - Instantiating TestContextBootstrapper for test class [com.fastcampus.pass.PassBatchApplicationTests] from class [org.springframework.boot.test.context.SpringBootTestContextBootstrapper]
16:32:49.081 [Test worker] INFO org.springframework.boot.test.context.SpringBootTestContextBootstrapper - Neither @ContextConfiguration nor @ContextHierarchy found for test class [com.fastcampus.pass.PassBatchApplicationTests], using SpringBootContextLoader
16:32:49.082 [Test worker] DEBUG org.springframework.test.context.support.AbstractContextLoader - Did not detect default resource location for test class [com.fastcampus.pass.PassBatchApplicationTests]: class path resource [com/fastcampus/pass/PassBatchApplicationTests-context.xml] does not exist
16:32:49.082 [Test worker] DEBUG org.springframework.test.context.support.AbstractContextLoader - Did not detect default resource location for test class [com.fastcampus.pass.PassBatchApplicationTests]: class path resource [com/fastcampus/pass/PassBatchApplicationTestsContext.groovy] does not exist
16:32:49.082 [Test worker] INFO org.springframework.test.context.support.AbstractContextLoader - Could not detect default resource locations for test class [com.fastcampus.pass.PassBatchApplicationTests]: no resource found for suffixes {-context.xml, Context.groovy}.
16:32:49.082 [Test worker] INFO org.springframework.test.context.support.AnnotationConfigContextLoaderUtils - Could not detect default configuration classes for test class [com.fastcampus.pass.PassBatchApplicationTests]: PassBatchApplicationTests does not declare any static, non-private, non-final, nested classes annotated with @Configuration.
16:32:49.093 [Test worker] DEBUG org.springframework.test.context.support.ActiveProfilesUtils - Could not find an 'annotation declaring class' for annotation type [org.springframework.test.context.ActiveProfiles] and class [com.fastcampus.pass.PassBatchApplicationTests]
16:32:49.111 [Test worker] DEBUG org.springframework.context.annotation.ClassPathScanningCandidateComponentProvider - Identified candidate component class: file [/Users/linse/project/MY_PT_SERVICE/build/classes/java/main/com/fastcampus/pass/PassBatchApplication.class]
16:32:49.111 [Test worker] INFO org.springframework.boot.test.context.SpringBootTestContextBootstrapper - Found @SpringBootConfiguration com.fastcampus.pass.PassBatchApplication for test class com.fastcampus.pass.PassBatchApplicationTests
16:32:49.135 [Test worker] DEBUG org.springframework.boot.test.context.SpringBootTestContextBootstrapper - @TestExecutionListeners is not present for class [com.fastcampus.pass.PassBatchApplicationTests]: using defaults.
16:32:49.135 [Test worker] INFO org.springframework.boot.test.context.SpringBootTestContextBootstrapper - Loaded default TestExecutionListener class names from location [META-INF/spring.factories]: [org.springframework.boot.test.autoconfigure.restdocs.RestDocsTestExecutionListener, org.springframework.boot.test.autoconfigure.web.client.MockRestServiceServerResetTestExecutionListener, org.springframework.boot.test.autoconfigure.web.servlet.MockMvcPrintOnlyOnFailureTestExecutionListener, org.springframework.boot.test.autoconfigure.web.servlet.WebDriverTestExecutionListener, org.springframework.boot.test.autoconfigure.webservices.client.MockWebServiceServerTestExecutionListener, org.springframework.boot.test.mock.mockito.MockitoTestExecutionListener, org.springframework.boot.test.mock.mockito.ResetMocksTestExecutionListener, org.springframework.test.context.web.ServletTestExecutionListener, org.springframework.test.context.support.DirtiesContextBeforeModesTestExecutionListener, org.springframework.test.context.event.ApplicationEventsTestExecutionListener, org.springframework.test.context.support.DependencyInjectionTestExecutionListener, org.springframework.test.context.support.DirtiesContextTestExecutionListener, org.springframework.test.context.transaction.TransactionalTestExecutionListener, org.springframework.test.context.jdbc.SqlScriptsTestExecutionListener, org.springframework.test.context.event.EventPublishingTestExecutionListener]
16:32:49.137 [Test worker] DEBUG org.springframework.boot.test.context.SpringBootTestContextBootstrapper - Skipping candidate TestExecutionListener [org.springframework.test.context.web.ServletTestExecutionListener] due to a missing dependency. Specify custom listener classes or make the default listener classes and their required dependencies available. Offending class: [javax/servlet/ServletContext]
16:32:49.140 [Test worker] INFO org.springframework.boot.test.context.SpringBootTestContextBootstrapper - Using TestExecutionListeners: [org.springframework.test.context.support.DirtiesContextBeforeModesTestExecutionListener@75e91545, org.springframework.test.context.event.ApplicationEventsTestExecutionListener@60d1a32f, org.springframework.boot.test.mock.mockito.MockitoTestExecutionListener@531c311e, org.springframework.boot.test.autoconfigure.SpringBootDependencyInjectionTestExecutionListener@22b53226, org.springframework.test.context.support.DirtiesContextTestExecutionListener@1fcb4808, org.springframework.test.context.transaction.TransactionalTestExecutionListener@726e5805, org.springframework.test.context.jdbc.SqlScriptsTestExecutionListener@40c80397, org.springframework.test.context.event.EventPublishingTestExecutionListener@4b672daa, org.springframework.boot.test.autoconfigure.restdocs.RestDocsTestExecutionListener@ea9b7c6, org.springframework.boot.test.autoconfigure.web.client.MockRestServiceServerResetTestExecutionListener@e077866, org.springframework.boot.test.autoconfigure.web.servlet.MockMvcPrintOnlyOnFailureTestExecutionListener@ed3068a, org.springframework.boot.test.autoconfigure.web.servlet.WebDriverTestExecutionListener@7c2b6087, org.springframework.boot.test.autoconfigure.webservices.client.MockWebServiceServerTestExecutionListener@3fffff43, org.springframework.boot.test.mock.mockito.ResetMocksTestExecutionListener@a8e6492]
16:32:49.141 [Test worker] DEBUG org.springframework.test.context.support.AbstractDirtiesContextTestExecutionListener - Before test class: context [DefaultTestContext@5b43fbf6 testClass = PassBatchApplicationTests, testInstance = [null], testMethod = [null], testException = [null], mergedContextConfiguration = [MergedContextConfiguration@1080b026 testClass = PassBatchApplicationTests, locations = '{}', classes = '{class com.fastcampus.pass.PassBatchApplication}', contextInitializerClasses = '[]', activeProfiles = '{}', propertySourceLocations = '{}', propertySourceProperties = '{org.springframework.boot.test.context.SpringBootTestContextBootstrapper=true}', contextCustomizers = set[org.springframework.boot.test.autoconfigure.actuate.metrics.MetricsExportContextCustomizerFactory$DisableMetricExportContextCustomizer@79dc5318, org.springframework.boot.test.autoconfigure.properties.PropertyMappingContextCustomizer@0, org.springframework.boot.test.autoconfigure.web.servlet.WebDriverContextCustomizerFactory$Customizer@51549490, org.springframework.boot.test.context.filter.ExcludeFilterContextCustomizer@7daa0fbd, org.springframework.boot.test.json.DuplicateJsonObjectContextCustomizerFactory$DuplicateJsonObjectContextCustomizer@6f44a157, org.springframework.boot.test.mock.mockito.MockitoContextCustomizer@0, org.springframework.boot.test.web.client.TestRestTemplateContextCustomizer@c7ba306, org.springframework.boot.test.context.SpringBootTestArgs@1, org.springframework.boot.test.context.SpringBootTestWebEnvironment@1e66f1f5], contextLoader = 'org.springframework.boot.test.context.SpringBootContextLoader', parent = [null]], attributes = map[[empty]]], class annotated with @DirtiesContext [false] with mode [null].
16:32:49.144 [Test worker] DEBUG org.springframework.test.context.support.DependencyInjectionTestExecutionListener - Performing dependency injection for test context [[DefaultTestContext@5b43fbf6 testClass = PassBatchApplicationTests, testInstance = com.fastcampus.pass.PassBatchApplicationTests@5b11a194, testMethod = [null], testException = [null], mergedContextConfiguration = [MergedContextConfiguration@1080b026 testClass = PassBatchApplicationTests, locations = '{}', classes = '{class com.fastcampus.pass.PassBatchApplication}', contextInitializerClasses = '[]', activeProfiles = '{}', propertySourceLocations = '{}', propertySourceProperties = '{org.springframework.boot.test.context.SpringBootTestContextBootstrapper=true}', contextCustomizers = set[org.springframework.boot.test.autoconfigure.actuate.metrics.MetricsExportContextCustomizerFactory$DisableMetricExportContextCustomizer@79dc5318, org.springframework.boot.test.autoconfigure.properties.PropertyMappingContextCustomizer@0, org.springframework.boot.test.autoconfigure.web.servlet.WebDriverContextCustomizerFactory$Customizer@51549490, org.springframework.boot.test.context.filter.ExcludeFilterContextCustomizer@7daa0fbd, org.springframework.boot.test.json.DuplicateJsonObjectContextCustomizerFactory$DuplicateJsonObjectContextCustomizer@6f44a157, org.springframework.boot.test.mock.mockito.MockitoContextCustomizer@0, org.springframework.boot.test.web.client.TestRestTemplateContextCustomizer@c7ba306, org.springframework.boot.test.context.SpringBootTestArgs@1, org.springframework.boot.test.context.SpringBootTestWebEnvironment@1e66f1f5], contextLoader = 'org.springframework.boot.test.context.SpringBootContextLoader', parent = [null]], attributes = map['org.springframework.test.context.event.ApplicationEventsTestExecutionListener.recordApplicationEvents' -> false]]].

  .   ____          _            __ _ _
 /\\ / ___'_ __ _ _(_)_ __  __ _ \ \ \ \
( ( )\___ | '_ | '_| | '_ \/ _` | \ \ \ \
 \\/  ___)| |_)| | | | | || (_| |  ) ) ) )
  '  |____| .__|_| |_|_| |_\__, | / / / /
 =========|_|==============|___/=/_/_/_/
 :: Spring Boot ::                (v2.7.3)

2022-12-11 16:32:49.282  INFO 2369 --- [    Test worker] c.f.pass.PassBatchApplicationTests       : Starting PassBatchApplicationTests using Java 18.0.2 on gimselin-ui-MacBookAir.local with PID 2369 (started by linse in /Users/linse/project/MY_PT_SERVICE)
2022-12-11 16:32:49.283  INFO 2369 --- [    Test worker] c.f.pass.PassBatchApplicationTests       : No active profile set, falling back to 1 default profile: "default"
2022-12-11 16:32:49.415  INFO 2369 --- [    Test worker] .s.d.r.c.RepositoryConfigurationDelegate : Bootstrapping Spring Data JPA repositories in DEFAULT mode.
2022-12-11 16:32:49.431  INFO 2369 --- [    Test worker] .s.d.r.c.RepositoryConfigurationDelegate : Finished Spring Data repository scanning in 13 ms. Found 4 JPA repository interfaces.
2022-12-11 16:32:49.557  INFO 2369 --- [    Test worker] com.zaxxer.hikari.HikariDataSource       : HikariPool-1 - Starting...
2022-12-11 16:32:49.710  INFO 2369 --- [    Test worker] com.zaxxer.hikari.HikariDataSource       : HikariPool-1 - Start completed.
2022-12-11 16:32:50.021  INFO 2369 --- [    Test worker] o.hibernate.jpa.internal.util.LogHelper  : HHH000204: Processing PersistenceUnitInfo [name: default]
2022-12-11 16:32:50.038  INFO 2369 --- [    Test worker] org.hibernate.Version                    : HHH000412: Hibernate ORM core version 5.6.10.Final
2022-12-11 16:32:50.096  INFO 2369 --- [    Test worker] o.hibernate.annotations.common.Version   : HCANN000001: Hibernate Commons Annotations {5.1.2.Final}
2022-12-11 16:32:50.142  INFO 2369 --- [    Test worker] org.hibernate.dialect.Dialect            : HHH000400: Using dialect: org.hibernate.dialect.MySQL8Dialect
2022-12-11 16:32:50.331  INFO 2369 --- [    Test worker] o.h.e.t.j.p.i.JtaPlatformInitiator       : HHH000490: Using JtaPlatform implementation: [org.hibernate.engine.transaction.jta.platform.internal.NoJtaPlatform]
2022-12-11 16:32:50.334  INFO 2369 --- [    Test worker] j.LocalContainerEntityManagerFactoryBean : Initialized JPA EntityManagerFactory for persistence unit 'default'
2022-12-11 16:32:50.383  WARN 2369 --- [    Test worker] o.s.b.a.batch.JpaBatchConfigurer         : JPA does not support custom isolation levels, so locks may not be taken when launching Jobs. To silence this warning, set 'spring.batch.jdbc.isolation-level-for-create' to 'default'.
2022-12-11 16:32:50.384  INFO 2369 --- [    Test worker] o.s.b.c.r.s.JobRepositoryFactoryBean     : No database type set, using meta data indicating: MYSQL
2022-12-11 16:32:50.434  INFO 2369 --- [    Test worker] o.s.b.c.l.support.SimpleJobLauncher      : No TaskExecutor has been set, defaulting to synchronous executor.
2022-12-11 16:32:50.590  INFO 2369 --- [    Test worker] c.f.pass.PassBatchApplicationTests       : Started PassBatchApplicationTests in 1.438 seconds (JVM running for 1.775)
2022-12-11 16:32:50.591  INFO 2369 --- [    Test worker] o.s.b.a.b.JobLauncherApplicationRunner   : Running default command line with: []
]]></system-out>
  <system-err><![CDATA[]]></system-err>
</testsuite>
